\BOOKMARK [0][-]{chapter.1}{\376\377\000E\000n\000g\000l\000i\000s\000h}{}% 1
\BOOKMARK [1][-]{section.1.1}{\376\377\000R\000e\000q\000u\000i\000r\000e\000m\000e\000n\000t\000s}{chapter.1}% 2
\BOOKMARK [1][-]{section.1.2}{\376\377\000Q\000u\000i\000c\000k\000\040\000S\000t\000a\000r\000t}{chapter.1}% 3
\BOOKMARK [2][-]{subsection.1.2.1}{\376\377\000m\000a\000c\000O\000S}{section.1.2}% 4
\BOOKMARK [2][-]{subsection.1.2.2}{\376\377\000W\000i\000n\000d\000o\000w\000s\000\040\0001\0001}{section.1.2}% 5
\BOOKMARK [1][-]{section.1.3}{\376\377\000I\000m\000p\000o\000r\000t\000a\000n\000t\000\040\000N\000o\000t\000e\000s}{chapter.1}% 6
\BOOKMARK [1][-]{section.1.4}{\376\377\000O\000u\000t\000p\000u\000t\000\040\000F\000i\000l\000e\000s}{chapter.1}% 7
\BOOKMARK [1][-]{section.1.5}{\376\377\000U\000p\000d\000a\000t\000i\000n\000g}{chapter.1}% 8
\BOOKMARK [1][-]{section.1.6}{\376\377\000D\000e\000b\000u\000g\000\040\000M\000o\000d\000e}{chapter.1}% 9
\BOOKMARK [1][-]{section.1.7}{\376\377\000T\000r\000o\000u\000b\000l\000e\000s\000h\000o\000o\000t\000i\000n\000g}{chapter.1}% 10
\BOOKMARK [0][-]{chapter.2}{\376\377\176\101\232\324\116\055\145\207}{}% 11
\BOOKMARK [1][-]{section.2.1}{\376\377\174\373\175\161\227\000\154\102}{chapter.2}% 12
\BOOKMARK [1][-]{section.2.2}{\376\377\137\353\220\037\225\213\131\313}{chapter.2}% 13
\BOOKMARK [2][-]{subsection.2.2.1}{\376\377\000m\000a\000c\000O\000S}{section.2.2}% 14
\BOOKMARK [2][-]{subsection.2.2.2}{\376\377\000W\000i\000n\000d\000o\000w\000s\000\040\0001\0001}{section.2.2}% 15
\BOOKMARK [1][-]{section.2.3}{\376\377\117\177\165\050\154\350\141\017\116\213\230\005}{chapter.2}% 16
\BOOKMARK [1][-]{section.2.4}{\376\377\217\070\121\372\152\224\150\110}{chapter.2}% 17
\BOOKMARK [1][-]{section.2.5}{\376\377\146\364\145\260}{chapter.2}% 18
\BOOKMARK [1][-]{section.2.6}{\376\377\000D\000e\000b\000u\000g\000\040\000M\000o\000d\000e\377\010\126\336\130\061\125\117\230\114\165\050\377\011}{chapter.2}% 19
\BOOKMARK [1][-]{section.2.7}{\376\377\143\222\226\144\125\117\230\114}{chapter.2}% 20
